  [1m[35m (1448.7ms)[0m  [1m[35mCREATE DATABASE "Find_a_car_API_development" ENCODING = 'unicode'[0m
  [1m[35m (904.1ms)[0m  [1m[35mCREATE DATABASE "Find_a_car_API_test" ENCODING = 'unicode'[0m
  [1m[35m (129.3ms)[0m  [1m[35mCREATE TABLE "schema_migrations" ("version" character varying NOT NULL PRIMARY KEY)[0m
  [1m[35m (106.9ms)[0m  [1m[35mCREATE TABLE "ar_internal_metadata" ("key" character varying NOT NULL PRIMARY KEY, "value" character varying, "created_at" timestamp(6) NOT NULL, "updated_at" timestamp(6) NOT NULL)[0m
  [1m[35m (0.6ms)[0m  [1m[34mSELECT pg_try_advisory_lock(2085231909124572495)[0m
  [1m[35m (0.8ms)[0m  [1m[34mSELECT "schema_migrations"."version" FROM "schema_migrations" ORDER BY "schema_migrations"."version" ASC[0m
Migrating to CreateCars (20200903205535)
  [1m[35m (0.2ms)[0m  [1m[35mBEGIN[0m
  [1m[35m (85.0ms)[0m  [1m[35mCREATE TABLE "cars" ("id" bigserial primary key, "make" character varying, "color" character varying, "year" integer, "price" integer, "created_at" timestamp(6) NOT NULL, "updated_at" timestamp(6) NOT NULL)[0m
  [1m[36mprimary::SchemaMigration Create (0.9ms)[0m  [1m[32mINSERT INTO "schema_migrations" ("version") VALUES ($1) RETURNING "version"[0m  [["version", "20200903205535"]]
  [1m[35m (173.9ms)[0m  [1m[35mCOMMIT[0m
Migrating to CreateUsers (20200903205641)
  [1m[35m (0.5ms)[0m  [1m[35mBEGIN[0m
  [1m[35m (156.1ms)[0m  [1m[35mCREATE TABLE "users" ("id" bigserial primary key, "name" character varying, "email" character varying, "password_digest" character varying, "admin" boolean, "created_at" timestamp(6) NOT NULL, "updated_at" timestamp(6) NOT NULL)[0m
  [1m[36mprimary::SchemaMigration Create (0.4ms)[0m  [1m[32mINSERT INTO "schema_migrations" ("version") VALUES ($1) RETURNING "version"[0m  [["version", "20200903205641"]]
  [1m[35m (9.6ms)[0m  [1m[35mCOMMIT[0m
Migrating to CreateFavorites (20200903205840)
  [1m[35m (0.3ms)[0m  [1m[35mBEGIN[0m
  [1m[35m (40.9ms)[0m  [1m[35mCREATE TABLE "favorites" ("id" bigserial primary key, "car_id" bigint NOT NULL, "user_id" bigint NOT NULL, "created_at" timestamp(6) NOT NULL, "updated_at" timestamp(6) NOT NULL, CONSTRAINT "fk_rails_9396eb4f36"
FOREIGN KEY ("car_id")
  REFERENCES "cars" ("id")
, CONSTRAINT "fk_rails_d15744e438"
FOREIGN KEY ("user_id")
  REFERENCES "users" ("id")
)[0m
  [1m[35m (30.1ms)[0m  [1m[35mCREATE  INDEX  "index_favorites_on_car_id" ON "favorites"  ("car_id")[0m
  [1m[35m (36.5ms)[0m  [1m[35mCREATE  INDEX  "index_favorites_on_user_id" ON "favorites"  ("user_id")[0m
  [1m[36mprimary::SchemaMigration Create (0.4ms)[0m  [1m[32mINSERT INTO "schema_migrations" ("version") VALUES ($1) RETURNING "version"[0m  [["version", "20200903205840"]]
  [1m[35m (9.3ms)[0m  [1m[35mCOMMIT[0m
  [1m[36mActiveRecord::InternalMetadata Load (1.6ms)[0m  [1m[34mSELECT "ar_internal_metadata".* FROM "ar_internal_metadata" WHERE "ar_internal_metadata"."key" = $1 LIMIT $2[0m  [["key", "environment"], ["LIMIT", 1]]
  [1m[35m (0.3ms)[0m  [1m[35mBEGIN[0m
  [1m[36mActiveRecord::InternalMetadata Create (1.1ms)[0m  [1m[32mINSERT INTO "ar_internal_metadata" ("key", "value", "created_at", "updated_at") VALUES ($1, $2, $3, $4) RETURNING "key"[0m  [["key", "environment"], ["value", "development"], ["created_at", "2020-09-03 21:01:35.282464"], ["updated_at", "2020-09-03 21:01:35.282464"]]
  [1m[35m (12.6ms)[0m  [1m[35mCOMMIT[0m
  [1m[35m (0.7ms)[0m  [1m[34mSELECT pg_advisory_unlock(2085231909124572495)[0m
  [1m[35m (0.6ms)[0m  [1m[34mSELECT "schema_migrations"."version" FROM "schema_migrations" ORDER BY "schema_migrations"."version" ASC[0m
